2020-04-22 11:37:01 === [restartedMain] === INFO  === com.taskonline.TaskonlineApplication - Starting TaskonlineApplication on LAPTOP-JRASHOO6 with PID 20036 (D:\code\SpringBoot\target\classes started by userby in D:\code\SpringBoot)
2020-04-22 11:37:01 === [restartedMain] === DEBUG === com.taskonline.TaskonlineApplication - Running with Spring Boot v2.2.5.RELEASE, Spring v5.2.4.RELEASE
2020-04-22 11:37:01 === [restartedMain] === INFO  === com.taskonline.TaskonlineApplication - No active profile set, falling back to default profiles: default
2020-04-22 11:37:02 === [restartedMain] === INFO  === o.s.d.r.config.RepositoryConfigurationDelegate - Multiple Spring Data modules found, entering strict repository configuration mode!
2020-04-22 11:37:02 === [restartedMain] === INFO  === o.s.d.r.config.RepositoryConfigurationDelegate - Bootstrapping Spring Data JPA repositories in DEFAULT mode.
2020-04-22 11:37:02 === [restartedMain] === INFO  === o.s.d.r.config.RepositoryConfigurationDelegate - Finished Spring Data repository scanning in 51ms. Found 0 JPA repository interfaces.
2020-04-22 11:37:02 === [restartedMain] === INFO  === o.s.d.r.config.RepositoryConfigurationDelegate - Multiple Spring Data modules found, entering strict repository configuration mode!
2020-04-22 11:37:02 === [restartedMain] === INFO  === o.s.d.r.config.RepositoryConfigurationDelegate - Bootstrapping Spring Data Redis repositories in DEFAULT mode.
2020-04-22 11:37:02 === [restartedMain] === INFO  === o.s.d.r.config.RepositoryConfigurationDelegate - Finished Spring Data repository scanning in 39ms. Found 0 Redis repository interfaces.
2020-04-22 11:37:03 === [restartedMain] === INFO  === o.s.boot.web.embedded.tomcat.TomcatWebServer - Tomcat initialized with port(s): 8080 (http)
2020-04-22 11:37:03 === [restartedMain] === INFO  === org.apache.catalina.core.StandardService - Starting service [Tomcat]
2020-04-22 11:37:03 === [restartedMain] === INFO  === org.apache.catalina.core.StandardEngine - Starting Servlet engine: [Apache Tomcat/9.0.31]
2020-04-22 11:37:03 === [restartedMain] === INFO  === o.a.c.core.ContainerBase.[Tomcat].[localhost].[/] - Initializing Spring embedded WebApplicationContext
2020-04-22 11:37:03 === [restartedMain] === INFO  === org.springframework.web.context.ContextLoader - Root WebApplicationContext: initialization completed in 1438 ms
2020-04-22 11:37:03 === [restartedMain] === INFO  === org.hibernate.jpa.internal.util.LogHelper - HHH000204: Processing PersistenceUnitInfo [name: default]
2020-04-22 11:37:03 === [restartedMain] === INFO  === com.zaxxer.hikari.HikariDataSource - HikariPool-10 - Starting...
2020-04-22 11:37:03 === [restartedMain] === INFO  === com.zaxxer.hikari.HikariDataSource - HikariPool-10 - Start completed.
2020-04-22 11:37:03 === [restartedMain] === INFO  === org.hibernate.dialect.Dialect - HHH000400: Using dialect: org.hibernate.dialect.MySQL5Dialect
2020-04-22 11:37:03 === [restartedMain] === INFO  === o.h.e.t.jta.platform.internal.JtaPlatformInitiator - HHH000490: Using JtaPlatform implementation: [org.hibernate.engine.transaction.jta.platform.internal.NoJtaPlatform]
2020-04-22 11:37:03 === [restartedMain] === INFO  === o.s.orm.jpa.LocalContainerEntityManagerFactoryBean - Initialized JPA EntityManagerFactory for persistence unit 'default'
2020-04-22 11:37:03 === [restartedMain] === INFO  === o.s.b.d.autoconfigure.OptionalLiveReloadServer - LiveReload server is running on port 35729
2020-04-22 11:37:04 === [restartedMain] === INFO  === o.s.security.web.DefaultSecurityFilterChain - Creating filter chain: Ant [pattern='/js/**'], []
2020-04-22 11:37:04 === [restartedMain] === INFO  === o.s.security.web.DefaultSecurityFilterChain - Creating filter chain: Ant [pattern='/css/**'], []
2020-04-22 11:37:04 === [restartedMain] === INFO  === o.s.security.web.DefaultSecurityFilterChain - Creating filter chain: Ant [pattern='/icon/**'], []
2020-04-22 11:37:04 === [restartedMain] === INFO  === o.s.security.web.DefaultSecurityFilterChain - Creating filter chain: Ant [pattern='/bootstrap/**'], []
2020-04-22 11:37:04 === [restartedMain] === INFO  === o.s.security.web.DefaultSecurityFilterChain - Creating filter chain: Ant [pattern='/images/*'], []
2020-04-22 11:37:04 === [restartedMain] === INFO  === o.s.security.web.DefaultSecurityFilterChain - Creating filter chain: any request, [org.springframework.security.web.context.request.async.WebAsyncManagerIntegrationFilter@7f2bf71e, org.springframework.security.web.context.SecurityContextPersistenceFilter@331b1b48, org.springframework.security.web.header.HeaderWriterFilter@7033587f, org.springframework.security.web.authentication.logout.LogoutFilter@26676d59, org.springframework.security.web.authentication.UsernamePasswordAuthenticationFilter@3d501c69, org.springframework.security.web.savedrequest.RequestCacheAwareFilter@1328ce20, org.springframework.security.web.servletapi.SecurityContextHolderAwareRequestFilter@79328c9a, org.springframework.security.web.authentication.AnonymousAuthenticationFilter@36c7dfae, org.springframework.security.web.session.SessionManagementFilter@57bc6ef9, org.springframework.security.web.access.ExceptionTranslationFilter@2851184b, org.springframework.security.web.access.intercept.FilterSecurityInterceptor@7d0c3ced]
2020-04-22 11:37:04 === [restartedMain] === INFO  === o.s.scheduling.concurrent.ThreadPoolTaskExecutor - Initializing ExecutorService 'applicationTaskExecutor'
2020-04-22 11:37:05 === [restartedMain] === INFO  === o.s.boot.web.embedded.tomcat.TomcatWebServer - Tomcat started on port(s): 8080 (http) with context path ''
2020-04-22 11:37:05 === [restartedMain] === INFO  === com.taskonline.TaskonlineApplication - Started TaskonlineApplication in 3.511 seconds (JVM running for 2652.012)
2020-04-22 11:37:05 === [restartedMain] === INFO  === o.s.b.d.a.ConditionEvaluationDeltaLoggingListener - Condition evaluation unchanged
2020-04-22 11:37:43 === [Thread-76] === INFO  === o.s.scheduling.concurrent.ThreadPoolTaskExecutor - Shutting down ExecutorService 'applicationTaskExecutor'
2020-04-22 11:37:43 === [Thread-76] === INFO  === o.s.orm.jpa.LocalContainerEntityManagerFactoryBean - Closing JPA EntityManagerFactory for persistence unit 'default'
2020-04-22 11:37:43 === [Thread-76] === INFO  === com.zaxxer.hikari.HikariDataSource - HikariPool-10 - Shutdown initiated...
2020-04-22 11:37:43 === [Thread-76] === INFO  === com.zaxxer.hikari.HikariDataSource - HikariPool-10 - Shutdown completed.
